app/build/intermediates/manifest_merge_blame_file/debug/manifest-merger-blame-debug-report.txt
1<?xml version="1.0" encoding="utf-8"?>
2<manifest xmlns:android="http://schemas.android.com/apk/res/android"
3    package="com.raywenderlich.android.kotlinobject"
4    android:versionCode="1"
5    android:versionName="1.0" >
6
7    <uses-sdk
8        android:minSdkVersion="19"
8-->src\main\AndroidManifest.xml
9        android:targetSdkVersion="30" />
9-->src\main\AndroidManifest.xml
10
11    <application
11-->src\main\AndroidManifest.xml:6:3-27:17
12        android:allowBackup="false"
12-->src\main\AndroidManifest.xml:7:7-34
13        android:appComponentFactory="androidx.core.app.CoreComponentFactory"
13-->[androidx.core:core:1.3.2] AndroidManifest.xml:24:18-86
14        android:debuggable="true"
15        android:icon="@mipmap/ic_launcher"
15-->src\main\AndroidManifest.xml:8:7-41
16        android:label="@string/app_name"
16-->src\main\AndroidManifest.xml:9:7-39
17        android:roundIcon="@mipmap/ic_launcher_round"
17-->src\main\AndroidManifest.xml:10:7-52
18        android:supportsRtl="true"
18-->src\main\AndroidManifest.xml:11:7-33
19        android:theme="@style/AppTheme" >
19-->src\main\AndroidManifest.xml:12:7-38
20
21        <!-- Main Activity -->
22        <activity
22-->src\main\AndroidManifest.xml:15:5-23:16
23            android:name="com.raywenderlich.android.kotlinobject.MainActivity"
23-->src\main\AndroidManifest.xml:16:9-37
24            android:theme="@style/SplashTheme" >
24-->src\main\AndroidManifest.xml:17:9-43
25            <intent-filter>
25-->src\main\AndroidManifest.xml:18:7-22:23
26                <action android:name="android.intent.action.MAIN" />
26-->src\main\AndroidManifest.xml:19:9-61
26-->src\main\AndroidManifest.xml:19:17-58
27
28                <category android:name="android.intent.category.LAUNCHER" />
28-->src\main\AndroidManifest.xml:21:9-69
28-->src\main\AndroidManifest.xml:21:19-66
29            </intent-filter>
30        </activity>
31        <activity android:name="com.raywenderlich.android.kotlinobject.ShoppingCartActivity" />
31-->src\main\AndroidManifest.xml:25:5-54
31-->src\main\AndroidManifest.xml:25:15-51
32    </application>
33
34</manifest>